16 16 40 1 0
101 -20 101 -20 -13 -13 -6 -8 -8 -5 0 0 101 101 -16 -16 
-16 -20 -10 -22 101 101 -13 -15 101 -7 -2 1 -9 -9 -16 101 
101 -3 1 -12 101 -15 -13 101 -17 101 -2 0 0 0 -6 -10 
-3 101 -6 -9 -9 -2 -10 -10 -12 -2 -2 0 0 0 0 -4 
-4 1 -6 101 -7 0 0 0 0 -2 -2 -2 -7 -7 -12 -5 
-5 0 -7 -7 -7 -4 -4 -4 -10 -12 101 -2 -7 101 -12 101 
-5 0 0 0 -3 -7 101 -4 -10 101 -12 -2 -7 -7 -12 -5 
-5 -13 -13 -8 -3 101 -9 -6 -10 -10 -10 0 0 -1 -1 -1 
-5 101 101 -8 -3 -5 101 -2 -10 -10 -10 0 -2 -7 101 -5 
-15 -23 -23 -8 0 -2 -2 -2 -10 101 -10 0 -2 101 101 -5 
-10 101 -10 -7 -7 -7 -2 -2 -12 -13 -13 -3 -2 -6 -6 -4 
-10 -10 -10 -7 101 -16 -11 101 -2 -3 101 -3 0 0 0 0 
-3 -3 -3 -7 -7 -16 101 -29 -20 -13 -3 -3 0 0 0 0 
-3 101 -3 0 0 -9 -17 101 101 -18 -8 -11 -3 -3 0 0 
-7 -7 -3 0 0 0 -11 -21 -21 -18 101 -12 101 -4 0 -4 
101 -20 -10 -10 0 0 -3 101 -3 -8 -8 -11 101 -13 -10 -10 
-6 -1 -10 -3 -6 -8 -9 -7 1 -10 -5 -7 1 -10 -2 -9 
-7 1 -8 -10 -10 -3 -7 -1 -5 -5 -1 -9 -5 -2 -10 -6 
-4 -1 1 -8 -2 -5 -9 -10 -9 -2 -7 -10 -2 -2 -8 -6 
1 1 -10 -1 -6 -1 -6 -5 -4 -10 -7 -3 -7 1 -10 -6 
-10 -2 -5 -7 -1 -5 -1 -7 -7 -6 -6 -3 -10 -10 1 -9 
-4 -5 -8 -9 -1 -7 -10 -2 -10 -6 -2 -10 -8 -7 -9 -5 
-2 -9 -10 1 -8 -9 -4 -5 -8 -10 -9 -8 -4 -3 -10 -5 
-9 -3 1 -4 -1 -3 -8 -4 -9 -1 -7 -6 -1 -6 -5 -3 
1 -5 -8 -8 -1 -10 -2 -4 -5 -3 -5 -8 -1 -3 -1 -4 
-1 -4 -4 1 -5 -9 -7 1 -4 -10 -2 -7 -3 -2 -4 -2 
-1 -10 -2 -8 -9 -9 -8 -1 -6 -5 -2 -10 -6 -4 -6 -6 
-9 1 -5 -4 -7 -8 -6 -2 -1 -7 -3 1 -2 -4 -10 -8 
-4 -7 -3 1 -1 -1 -9 -2 -7 -10 -1 -9 -1 -7 -10 -8 
-7 -3 -1 -8 -9 -10 -4 -8 -10 -10 -4 -1 -7 -10 -1 -2 
-5 -4 -6 -4 -1 -7 -3 1 -3 -3 -8 -7 -3 -9 -4 1 
-4 -5 -8 -7 -3 -8 -9 -3 -1 -6 1 -9 -1 -1 1 -8 
0 16 16
0 1 16
0 16 15
0 2 1
1 16 1
1 3 1
1 2 16
1 1 1
0 15 16
0 15 15
0 16 14
0 15 14
0 15 1
0 14 16
0 14 15
0 14 14
0 14 1
0 13 16
0 13 15
0 13 14
0 14 13
1 16 13
1 15 13
0 15 12
0 14 12
0 13 13
0 13 12
0 13 1
0 15 2
0 16 3
0 15 3
0 16 4
0 15 4
0 16 5
0 15 5
0 16 6
0 15 6
0 16 7
0 15 7
1 16 8
0 15 8
1 14 8
0 14 7
0 14 6
0 14 5
0 14 4
0 14 3
0 13 8
0 13 5
0 12 16
0 12 15
0 12 14
0 12 13
0 12 12
0 12 2
0 11 16
0 12 1
0 13 4
1 13 7
0 13 6
0 13 3
0 11 15
1 12 5
0 12 7
0 12 6
0 12 4
0 11 14
0 11 13
0 12 3
0 11 12
0 11 3
0 11 1
0 11 7
0 2 15
0 11 4
0 11 6
0 11 5
0 10 7
0 10 6
0 10 16
1 10 15
1 10 14
0 10 13
0 10 12
0 11 11
0 14 11
0 10 11
0 13 11
1 15 11
0 15 10
0 14 10
0 13 10
1 12 11
0 12 10
0 11 8
1 12 8
0 10 8
0 10 5
0 10 4
0 10 3
0 10 1
1 9 15
0 9 14
0 9 13
0 9 12
0 9 11
0 9 8
0 10 9
0 16 9
0 9 9
0 15 9
0 16 12
0 16 11
0 16 10
1 14 9
0 13 9
0 12 9
0 11 10
0 11 9
1 10 10
0 9 10
1 9 7
0 9 6
0 9 5
0 9 4
1 9 3
0 8 15
0 9 16
0 9 1
0 8 16
0 8 14
0 8 13
0 8 12
0 8 11
0 8 10
0 8 9
0 8 8
0 8 7
0 8 1
0 7 16
0 7 15
0 7 14
0 7 13
0 7 12
0 7 11
1 7 10
0 7 9
0 7 8
1 7 7
0 6 9
0 6 10
0 7 1
0 8 2
0 16 2
1 14 2
0 13 2
1 11 2
0 10 2
1 9 2
1 6 16
0 6 15
0 7 2
1 6 14
0 6 13
0 6 12
1 6 11
0 6 8
0 6 7
0 7 6
1 8 6
0 8 5
0 8 4
0 8 3
0 7 5
0 7 4
0 7 3
0 6 6
0 6 5
0 6 4
0 6 3
0 6 2
0 6 1
0 5 16
0 5 15
0 5 14
0 5 13
0 5 12
0 5 11
0 5 10
0 5 9
0 5 8
0 5 7
0 5 6
0 5 5
1 5 4
0 5 3
0 5 2
0 5 1
0 4 16
0 4 15
0 4 14
0 4 13
0 4 12
0 4 11
0 4 10
0 4 9
0 4 8
0 4 7
0 4 6
0 4 5
0 4 4
0 4 3
1 4 2
0 4 1
0 3 16
0 3 15
0 3 14
0 3 13
0 3 12
0 3 11
1 3 10
0 3 9
1 3 8
0 3 7
0 3 6
1 3 5
0 3 4
0 3 3
0 3 2
0 2 14
0 2 13
0 2 12
0 2 11
0 2 10
1 2 9
0 2 8
0 2 7
1 2 6
1 2 5
0 2 4
0 2 3
0 2 2
0 1 15
1 1 14
1 1 13
0 1 12
0 1 11
0 1 10
0 1 9
0 1 8
0 1 7
0 1 6
0 1 5
0 1 4
1 1 3
0 1 2
WIN
